<?xml version="1.0" encoding="UTF-8"?>
<testsuite name="io.tugrandsolutions.flowforge.spring.bootstrap.FlowForgeClientIntegrationTest" tests="1" skipped="0" failures="0" errors="0" timestamp="2026-01-17T02:58:53.408Z" hostname="royada-desktop" time="0.231">
  <properties/>
  <testcase name="should_execute_registered_workflow_by_id()" classname="io.tugrandsolutions.flowforge.spring.bootstrap.FlowForgeClientIntegrationTest" time="0.231"/>
  <system-out><![CDATA[]]></system-out>
  <system-err><![CDATA[]]></system-err>
</testsuite>
