<?xml version="1.0" encoding="UTF-8"?>
<testsuite name="io.tugrandsolutions.flowforge.spring.bootstrap.FlowForgeClientIntegrationTest" tests="1" skipped="0" failures="0" errors="0" timestamp="2026-01-17T05:01:21.790Z" hostname="royada-desktop" time="0.259">
  <properties/>
  <testcase name="should_execute_registered_workflow_by_id()" classname="io.tugrandsolutions.flowforge.spring.bootstrap.FlowForgeClientIntegrationTest" time="0.259"/>
  <system-out><![CDATA[]]></system-out>
  <system-err><![CDATA[[flowforge-monitor] INFO io.tugrandsolutions.flowforge.workflow.monitor.AsyncLoggingWorkflowMonitor - Workflow started: workflowId=apiScore instance=627709989 at=1768626081989
[flowforge-monitor] INFO io.tugrandsolutions.flowforge.workflow.monitor.AsyncLoggingWorkflowMonitor - Task started: workflowId=apiScore instance=627709989 taskId=TaskId(value=A) at=1768626082032
[flowforge-monitor] INFO io.tugrandsolutions.flowforge.workflow.monitor.AsyncLoggingWorkflowMonitor - Task finished: workflowId=apiScore instance=627709989 taskId=TaskId(value=A) outcome=SUCCESS durationMs=7
[flowforge-monitor] INFO io.tugrandsolutions.flowforge.workflow.monitor.AsyncLoggingWorkflowMonitor - Task started: workflowId=apiScore instance=627709989 taskId=TaskId(value=B) at=1768626082040
[flowforge-monitor] INFO io.tugrandsolutions.flowforge.workflow.monitor.AsyncLoggingWorkflowMonitor - Task finished: workflowId=apiScore instance=627709989 taskId=TaskId(value=B) outcome=SUCCESS durationMs=1
[flowforge-monitor] INFO io.tugrandsolutions.flowforge.workflow.monitor.AsyncLoggingWorkflowMonitor - Workflow completed: workflowId=apiScore instance=627709989 durationMs=53
]]></system-err>
</testsuite>
