<?xml version="1.0" encoding="UTF-8"?>
<testsuite name="io.tugrandsolutions.flowforge.spring.dsl.FlowDslTest" tests="3" skipped="0" failures="0" errors="0" timestamp="2026-01-17T02:58:53.706Z" hostname="royada-desktop" time="0.002">
  <properties/>
  <testcase name="should_build_fork_join_plan()" classname="io.tugrandsolutions.flowforge.spring.dsl.FlowDslTest" time="0.001"/>
  <testcase name="should_build_linear_plan()" classname="io.tugrandsolutions.flowforge.spring.dsl.FlowDslTest" time="0.001"/>
  <testcase name="should_fail_on_unknown_task_id()" classname="io.tugrandsolutions.flowforge.spring.dsl.FlowDslTest" time="0.0"/>
  <system-out><![CDATA[]]></system-out>
  <system-err><![CDATA[]]></system-err>
</testsuite>
