<?xml version="1.0" encoding="UTF-8"?>
<testsuite name="io.tugrandsolutions.flowforge.spring.dsl.FlowDslExecutionPlanTest" tests="4" skipped="0" failures="0" errors="0" timestamp="2026-01-17T01:38:26.819Z" hostname="royada-desktop" time="0.005">
  <properties/>
  <testcase name="fork_join_A_to_BC_then_D()" classname="io.tugrandsolutions.flowforge.spring.dsl.FlowDslExecutionPlanTest" time="0.002"/>
  <testcase name="fork_A_to_B_and_C()" classname="io.tugrandsolutions.flowforge.spring.dsl.FlowDslExecutionPlanTest" time="0.001"/>
  <testcase name="fork_with_sequences_A_to_B_to_C_and_D_then_E()" classname="io.tugrandsolutions.flowforge.spring.dsl.FlowDslExecutionPlanTest" time="0.001"/>
  <testcase name="linear_A_then_B_then_C()" classname="io.tugrandsolutions.flowforge.spring.dsl.FlowDslExecutionPlanTest" time="0.001"/>
  <system-out><![CDATA[]]></system-out>
  <system-err><![CDATA[]]></system-err>
</testsuite>
