<?xml version="1.0" encoding="UTF-8"?>
<testsuite name="io.tugrandsolutions.flowforge.spring.bootstrap.TaskScannerTest" tests="3" skipped="0" failures="0" errors="0" timestamp="2026-01-16T22:48:52.460Z" hostname="royada-desktop" time="0.029">
  <properties/>
  <testcase name="should_fail_on_duplicate_task_id()" classname="io.tugrandsolutions.flowforge.spring.bootstrap.TaskScannerTest" time="0.013"/>
  <testcase name="should_fail_when_annotated_bean_does_not_implement_handler()" classname="io.tugrandsolutions.flowforge.spring.bootstrap.TaskScannerTest" time="0.006"/>
  <testcase name="should_register_flow_tasks_annotated_beans()" classname="io.tugrandsolutions.flowforge.spring.bootstrap.TaskScannerTest" time="0.008"/>
  <system-out><![CDATA[]]></system-out>
  <system-err><![CDATA[[Test worker] WARN org.springframework.context.support.PostProcessorRegistrationDelegate$BeanPostProcessorChecker -  COMMONS-LOGGING Bean 'taskHandlerRegistry' of type [io.tugrandsolutions.flowforge.spring.registry.TaskHandlerRegistry] is not eligible for getting processed by all BeanPostProcessors (for example: not eligible for auto-proxying). Is this bean getting eagerly injected/applied to a currently created BeanPostProcessor [taskScanner]? Check the corresponding BeanPostProcessor declaration and its dependencies/advisors. If this bean does not have to be post-processed, declare it with ROLE_INFRASTRUCTURE.
[Test worker] WARN org.springframework.context.annotation.AnnotationConfigApplicationContext -  COMMONS-LOGGING Exception encountered during context initialization - cancelling refresh attempt: org.springframework.beans.factory.BeanCreationException: Error creating bean with name 'taskA2' defined in io.tugrandsolutions.flowforge.spring.bootstrap.TaskScannerTest$DuplicateTaskConfig: Duplicate FlowTask id: TaskId(value=A)
[Test worker] WARN org.springframework.context.support.PostProcessorRegistrationDelegate$BeanPostProcessorChecker -  COMMONS-LOGGING Bean 'taskHandlerRegistry' of type [io.tugrandsolutions.flowforge.spring.registry.TaskHandlerRegistry] is not eligible for getting processed by all BeanPostProcessors (for example: not eligible for auto-proxying). Is this bean getting eagerly injected/applied to a currently created BeanPostProcessor [taskScanner]? Check the corresponding BeanPostProcessor declaration and its dependencies/advisors. If this bean does not have to be post-processed, declare it with ROLE_INFRASTRUCTURE.
[Test worker] WARN org.springframework.context.annotation.AnnotationConfigApplicationContext -  COMMONS-LOGGING Exception encountered during context initialization - cancelling refresh attempt: org.springframework.beans.factory.BeanCreationException: Error creating bean with name 'notAHandler' defined in io.tugrandsolutions.flowforge.spring.bootstrap.TaskScannerTest$InvalidTaskConfig: @FlowTask requires bean implements FlowTaskHandler: io.tugrandsolutions.flowforge.spring.bootstrap.TaskScannerTest$NotAHandler
[Test worker] WARN org.springframework.context.support.PostProcessorRegistrationDelegate$BeanPostProcessorChecker -  COMMONS-LOGGING Bean 'taskHandlerRegistry' of type [io.tugrandsolutions.flowforge.spring.registry.TaskHandlerRegistry] is not eligible for getting processed by all BeanPostProcessors (for example: not eligible for auto-proxying). Is this bean getting eagerly injected/applied to a currently created BeanPostProcessor [taskScanner]? Check the corresponding BeanPostProcessor declaration and its dependencies/advisors. If this bean does not have to be post-processed, declare it with ROLE_INFRASTRUCTURE.
]]></system-err>
</testsuite>
