<?xml version="1.0" encoding="UTF-8"?>
<testsuite name="io.tugrandsolutions.flowforge.spring.bootstrap.TaskScannerTest" tests="3" skipped="0" failures="0" errors="0" timestamp="2026-01-17T05:01:22.161Z" hostname="royada-desktop" time="0.03">
  <properties/>
  <testcase name="should_fail_on_duplicate_task_id()" classname="io.tugrandsolutions.flowforge.spring.bootstrap.TaskScannerTest" time="0.009"/>
  <testcase name="should_fail_when_annotated_bean_does_not_implement_handler()" classname="io.tugrandsolutions.flowforge.spring.bootstrap.TaskScannerTest" time="0.006"/>
  <testcase name="should_register_flow_tasks_annotated_beans()" classname="io.tugrandsolutions.flowforge.spring.bootstrap.TaskScannerTest" time="0.013"/>
  <system-out><![CDATA[]]></system-out>
  <system-err><![CDATA[[Test worker] WARN org.springframework.context.annotation.AnnotationConfigApplicationContext -  COMMONS-LOGGING Exception encountered during context initialization - cancelling refresh attempt: java.lang.IllegalStateException: Duplicate FlowTask id: TaskId(value=A)
[Test worker] WARN org.springframework.context.annotation.AnnotationConfigApplicationContext -  COMMONS-LOGGING Exception encountered during context initialization - cancelling refresh attempt: java.lang.IllegalStateException: @FlowTask requires bean implements FlowTaskHandler: io.tugrandsolutions.flowforge.spring.bootstrap.TaskScannerTest$NotAHandler
]]></system-err>
</testsuite>
