<?xml version="1.0" encoding="UTF-8"?>
<testsuite name="io.tugrandsolutions.flowforge.workflow.TaskResultContractTest" tests="6" skipped="0" failures="0" errors="0" timestamp="2026-01-16T02:27:01.812Z" hostname="royada-desktop" time="0.01">
  <properties/>
  <testcase name="should_convert_empty_task_result_to_failure_and_finish()" classname="io.tugrandsolutions.flowforge.workflow.TaskResultContractTest" time="0.002"/>
  <testcase name="should_allow_dependents_if_optional_task_returns_empty()" classname="io.tugrandsolutions.flowforge.workflow.TaskResultContractTest" time="0.002"/>
  <testcase name="should_handle_sync_exception_in_optional_task()" classname="io.tugrandsolutions.flowforge.workflow.TaskResultContractTest" time="0.002"/>
  <testcase name="should_handle_sync_exception_in_required_task()" classname="io.tugrandsolutions.flowforge.workflow.TaskResultContractTest" time="0.001"/>
  <testcase name="should_not_execute_dependents_if_required_task_returns_empty()" classname="io.tugrandsolutions.flowforge.workflow.TaskResultContractTest" time="0.001"/>
  <testcase name="should_convert_sync_throw_to_failure_and_finish()" classname="io.tugrandsolutions.flowforge.workflow.TaskResultContractTest" time="0.001"/>
  <system-out><![CDATA[]]></system-out>
  <system-err><![CDATA[]]></system-err>
</testsuite>
