<?xml version="1.0" encoding="UTF-8"?>
<testsuite name="io.tugrandsolutions.flowforge.workflow.WorkflowGraphValidationTest" tests="2" skipped="0" failures="0" errors="0" timestamp="2026-01-16T00:05:02.254Z" hostname="royada-desktop" time="0.001">
  <properties/>
  <testcase name="should_fail_when_dependency_is_missing()" classname="io.tugrandsolutions.flowforge.workflow.WorkflowGraphValidationTest" time="0.001"/>
  <testcase name="should_fail_when_cycle_exists()" classname="io.tugrandsolutions.flowforge.workflow.WorkflowGraphValidationTest" time="0.0"/>
  <system-out><![CDATA[]]></system-out>
  <system-err><![CDATA[]]></system-err>
</testsuite>
