<?xml version="1.0" encoding="UTF-8"?>
<testsuite name="io.tugrandsolutions.flowforge.workflow.WorkflowE2ETest" tests="1" skipped="0" failures="0" errors="0" timestamp="2026-01-16T00:05:02.250Z" hostname="royada-desktop" time="0.003">
  <properties/>
  <testcase name="should_execute_dag_and_propagate_outputs_via_context()" classname="io.tugrandsolutions.flowforge.workflow.WorkflowE2ETest" time="0.003"/>
  <system-out><![CDATA[]]></system-out>
  <system-err><![CDATA[]]></system-err>
</testsuite>
