<?xml version="1.0" encoding="UTF-8"?>
<testsuite name="io.tugrandsolutions.flowforge.workflow.OptionalFailurePropagationTest" tests="2" skipped="0" failures="1" errors="0" timestamp="2026-01-16T00:05:02.016Z" hostname="royada-desktop" time="0.077">
  <properties/>
  <testcase name="optional_task_failure_should_be_skipped_and_dependents_should_run()" classname="io.tugrandsolutions.flowforge.workflow.OptionalFailurePropagationTest" time="0.072">
    <failure message="org.opentest4j.AssertionFailedError: Dependent C should have run despite optional failure in B ==&gt; expected: &lt;1&gt; but was: &lt;0&gt;" type="org.opentest4j.AssertionFailedError">org.opentest4j.AssertionFailedError: Dependent C should have run despite optional failure in B ==&gt; expected: &lt;1&gt; but was: &lt;0&gt;
	at app//org.junit.jupiter.api.AssertionFailureBuilder.build(AssertionFailureBuilder.java:158)
	at app//org.junit.jupiter.api.AssertionFailureBuilder.buildAndThrow(AssertionFailureBuilder.java:139)
	at app//org.junit.jupiter.api.AssertEquals.failNotEqual(AssertEquals.java:201)
	at app//org.junit.jupiter.api.AssertEquals.assertEquals(AssertEquals.java:152)
	at app//org.junit.jupiter.api.Assertions.assertEquals(Assertions.java:590)
	at app//io.tugrandsolutions.flowforge.workflow.OptionalFailurePropagationTest.lambda$optional_task_failure_should_be_skipped_and_dependents_should_run$0(OptionalFailurePropagationTest.java:54)
</failure>
  </testcase>
  <testcase name="non_optional_task_failure_should_block_dependents()" classname="io.tugrandsolutions.flowforge.workflow.OptionalFailurePropagationTest" time="0.005"/>
  <system-out><![CDATA[FAILED: TaskId(value=B) optional=false
]]></system-out>
  <system-err><![CDATA[]]></system-err>
</testsuite>
