<?xml version="1.0" encoding="UTF-8"?>
<testsuite name="io.tugrandsolutions.flowforge.workflow.PlanValidationTest" tests="6" skipped="0" failures="0" errors="0" timestamp="2026-01-16T02:27:01.583Z" hostname="royada-desktop" time="0.003">
  <properties/>
  <testcase name="should_fail_fast_on_cycle()" classname="io.tugrandsolutions.flowforge.workflow.PlanValidationTest" time="0.0"/>
  <testcase name="should_fail_fast_on_missing_dependency()" classname="io.tugrandsolutions.flowforge.workflow.PlanValidationTest" time="0.001"/>
  <testcase name="should_fail_fast_on_duplicate_task_id()" classname="io.tugrandsolutions.flowforge.workflow.PlanValidationTest" time="0.001"/>
  <testcase name="should_validate_self_dependency_as_cycle()" classname="io.tugrandsolutions.flowforge.workflow.PlanValidationTest" time="0.0"/>
  <testcase name="should_error_on_runtime_dead_end_inconsistent_state()" classname="io.tugrandsolutions.flowforge.workflow.PlanValidationTest" time="0.001"/>
  <testcase name="should_validate_complex_cycle()" classname="io.tugrandsolutions.flowforge.workflow.PlanValidationTest" time="0.0"/>
  <system-out><![CDATA[]]></system-out>
  <system-err><![CDATA[]]></system-err>
</testsuite>
